<?xml version="1.0" encoding="UTF-8" ?>
<testsuite errors="2" failures="0" hostname="xXx-PC" name="harness.AllTests" tests="340" time="24.244" timestamp="2013-11-19T10:11:40">
  <properties>
[...]
</properties>
  <testcase classname="petrinetze.impl.PetrinetTest" name="simpleNet" time="0.093" />
  <testcase classname="petrinetze.impl.PetrinetTest" name="activation" time="0.0" />
  <testcase classname="petrinetze.impl.PetrinetzTest" name="createPlace" time="0.0" />
  <testcase classname="petrinetze.impl.PetrinetzTest" name="createArc" time="0.0" />
  <testcase classname="petrinetze.impl.PetrinetzTest" name="tokenFire" time="0.0" />
  <testcase classname="petrinetze.impl.PetrinetzTest" name="createTransition" time="0.0" />
  <testcase classname="petrinetze.impl.PetrinetzTest" name="randomTokenFire" time="0.031" />
  <testcase classname="petrinetze.impl.DeleteTest" name="checkReturnValuePlace" time="0.024" />
  <testcase classname="petrinetze.impl.DeleteTest" name="checkReturnValueTransition" time="0.0" />
  <testcase classname="petrinetze.impl.DeleteTest" name="checkReturnValueArc" time="0.0" />
  <testcase classname="transformation.MorphismTest" name="testEqualMatches" time="0.179" />
  <testcase classname="transformation.MorphismTest" name="testTransitions" time="0.0" />
  <testcase classname="transformation.MorphismTest" name="testMorph_Transition" time="0.0" />
  <testcase classname="transformation.MorphismTest" name="testMorph_Place" time="0.0" />
  <testcase classname="transformation.MorphismTest" name="testMorph_Arc" time="0.0" />
  <testcase classname="transformation.MorphismTest" name="testPlaces" time="0.008" />
  <testcase classname="transformation.MorphismTest" name="testEdges" time="0.0" />
  <testcase classname="transformation.MorphismTest" name="testFrom" time="0.008" />
  <testcase classname="transformation.MorphismTest" name="testTo" time="0.007" />
  <testcase classname="transformation.RuleTest" name="testSetTlbTransition_7" time="0.016" />
  <testcase classname="transformation.RuleTest" name="testSetTlbTransition_4" time="0.0" />
  <testcase classname="transformation.RuleTest" name="testSetTlbTransition_6" time="0.008" />
  <testcase classname="transformation.RuleTest" name="testSetTlbTransition_5" time="0.0" />
  <testcase classname="transformation.RuleTest" name="testTransitions" time="0.0" />
  <testcase classname="transformation.RuleTest" name="testRemoveTransition_1" time="0.0" />
  <testcase classname="transformation.RuleTest" name="testRemoveTransition_2" time="0.0" />
  <testcase classname="transformation.RuleTest" name="testRemoveTransition_3" time="0.008" />
  <testcase classname="transformation.RuleTest" name="testRemoveTransition_4" time="0.0" />
  <testcase classname="transformation.RuleTest" name="testRemoveTransition_5" time="0.0" />
  <testcase classname="transformation.RuleTest" name="testRemoveTransition_6" time="0.0" />
  <testcase classname="transformation.RuleTest" name="testRemoveTransition_7" time="0.0" />
  <testcase classname="transformation.RuleTest" name="testSetNameTransition_1" time="0.0" />
  <testcase classname="transformation.RuleTest" name="testSetNameTransition_2" time="0.0" />
  <testcase classname="transformation.RuleTest" name="testSetNameTransition_3" time="0.0" />
  <testcase classname="transformation.RuleTest" name="testSetNameTransition_4" time="0.0" />
  <testcase classname="transformation.RuleTest" name="testSetNameTransition_5" time="0.0" />
  <testcase classname="transformation.RuleTest" name="testSetNameTransition_6" time="0.0" />
  <testcase classname="transformation.RuleTest" name="testSetNameTransition_7" time="0.0" />
  <testcase classname="transformation.RuleTest" name="testSetTlbTransition_1" time="0.0" />
  <testcase classname="transformation.RuleTest" name="testSetTlbTransition_2" time="0.0" />
  <testcase classname="transformation.RuleTest" name="testSetTlbTransition_3" time="0.0" />
  <testcase classname="transformation.RuleTest" name="testPlaces" time="0.0" />
  <testcase classname="transformation.RuleTest" name="testArcs" time="0.0" />
  <testcase classname="transformation.RuleTest" name="testAddPlace" time="0.0" />
  <testcase classname="transformation.RuleTest" name="testAddArc" time="0.0" />
  <testcase classname="transformation.RuleTest" name="testFromLtoK_INode" time="0.0" />
  <testcase classname="transformation.RuleTest" name="testFromLtoK_Arc" time="0.0" />
  <testcase classname="transformation.RuleTest" name="testFromRtoK_INode" time="0.0" />
  <testcase classname="transformation.RuleTest" name="testFromRtoK_Arc" time="0.015" />
  <testcase classname="transformation.RuleTest" name="testAddTransition" time="0.0" />
  <testcase classname="transformation.RuleTest" name="testRemovePlace_1" time="0.0" />
  <testcase classname="transformation.RuleTest" name="testRemovePlace_2" time="0.0" />
  <testcase classname="transformation.RuleTest" name="testRemovePlace_3" time="0.0" />
  <testcase classname="transformation.RuleTest" name="testRemovePlace_4" time="0.0" />
  <testcase classname="transformation.RuleTest" name="testRemovePlace_5" time="0.0" />
  <testcase classname="transformation.RuleTest" name="testRemovePlace_6" time="0.0" />
  <testcase classname="transformation.RuleTest" name="testRemovePlace_7" time="0.0" />
  <testcase classname="transformation.RuleTest" name="testRemovePreArc_1" time="0.0" />
  <testcase classname="transformation.RuleTest" name="testRemovePreArc_2" time="0.007" />
  <testcase classname="transformation.RuleTest" name="testRemovePreArc_3" time="0.0" />
  <testcase classname="transformation.RuleTest" name="testRemovePreArc_4" time="0.0" />
  <testcase classname="transformation.RuleTest" name="testRemovePreArc_5" time="0.0" />
  <testcase classname="transformation.RuleTest" name="testRemovePreArc_6" time="0.0" />
  <testcase classname="transformation.RuleTest" name="testRemovePreArc_7" time="0.008" />
  <testcase classname="transformation.RuleTest" name="testRemovePostArc_1" time="0.0" />
  <testcase classname="transformation.RuleTest" name="testRemovePostArc_2" time="0.0" />
  <testcase classname="transformation.RuleTest" name="testRemovePostArc_3" time="0.0" />
  <testcase classname="transformation.RuleTest" name="testRemovePostArc_4" time="0.0" />
  <testcase classname="transformation.RuleTest" name="testRemovePostArc_5" time="0.008" />
  <testcase classname="transformation.RuleTest" name="testRemovePostArc_6" time="0.0" />
  <testcase classname="transformation.RuleTest" name="testRemovePostArc_7" time="0.0" />
  <testcase classname="transformation.RuleTest" name="testSetNamePlace_1" time="0.0" />
  <testcase classname="transformation.RuleTest" name="testSetNamePlace_2" time="0.0" />
  <testcase classname="transformation.RuleTest" name="testSetNamePlace_3" time="0.0" />
  <testcase classname="transformation.RuleTest" name="testSetNamePlace_4" time="0.0" />
  <testcase classname="transformation.RuleTest" name="testSetNamePlace_5" time="0.0" />
  <testcase classname="transformation.RuleTest" name="testSetNamePlace_6" time="0.0" />
  <testcase classname="transformation.RuleTest" name="testSetNamePlace_7" time="0.0" />
  <testcase classname="transformation.RuleTest" name="testSetMarkingPlace_1" time="0.0" />
  <testcase classname="transformation.RuleTest" name="testSetMarkingPlace_2" time="0.0" />
  <testcase classname="transformation.RuleTest" name="testSetMarkingPlace_3" time="0.0" />
  <testcase classname="transformation.RuleTest" name="testSetMarkingPlace_4" time="0.0" />
  <testcase classname="transformation.RuleTest" name="testSetMarkingPlace_5" time="0.0" />
  <testcase classname="transformation.RuleTest" name="testSetMarkingPlace_6" time="0.0" />
  <testcase classname="transformation.RuleTest" name="testSetMarkingPlace_7" time="0.0" />
  <testcase classname="transformation.RuleTest" name="testSetRnwTransition_1" time="0.0" />
  <testcase classname="transformation.RuleTest" name="testSetRnwTransition_2" time="0.0" />
  <testcase classname="transformation.RuleTest" name="testSetRnwTransition_3" time="0.0" />
  <testcase classname="transformation.RuleTest" name="testSetRnwTransition_4" time="0.0" />
  <testcase classname="transformation.RuleTest" name="testSetRnwTransition_5" time="0.024" />
  <testcase classname="transformation.RuleTest" name="testSetRnwTransition_6" time="0.0" />
  <testcase classname="transformation.RuleTest" name="testSetRnwTransition_7" time="0.0" />
  <testcase classname="transformation.RuleTest" name="testSetWeightPreArc_1" time="0.0" />
  <testcase classname="transformation.RuleTest" name="testSetWeightPreArc_2" time="0.0" />
  <testcase classname="transformation.RuleTest" name="testSetWeightPreArc_3" time="0.0" />
  <testcase classname="transformation.RuleTest" name="testSetWeightPreArc_4" time="0.0" />
  <testcase classname="transformation.RuleTest" name="testSetWeightPreArc_5" time="0.0" />
  <testcase classname="transformation.RuleTest" name="testSetWeightPreArc_6" time="0.0" />
  <testcase classname="transformation.RuleTest" name="testSetWeightPreArc_7" time="0.0" />
  <testcase classname="transformation.RuleTest" name="testSetWeightPostArc_1" time="0.0" />
  <testcase classname="transformation.RuleTest" name="testSetWeightPostArc_2" time="0.001" />
  <testcase classname="transformation.RuleTest" name="testSetWeightPostArc_3" time="0.001" />
  <testcase classname="transformation.RuleTest" name="testSetWeightPostArc_4" time="0.001" />
  <testcase classname="transformation.RuleTest" name="testSetWeightPostArc_5" time="0.0" />
  <testcase classname="transformation.RuleTest" name="testSetWeightPostArc_6" time="0.0" />
  <testcase classname="transformation.RuleTest" name="testSetWeightPostArc_7" time="0.0" />
  <testcase classname="transformation.MorphismPlacesTest" name="testPlacesMorphismMatchingDistribution" time="0.001" />
  <testcase classname="transformation.MorphismPlacesTest" name="testStupidMethodToGetCodeCoverageForGetters" time="0.0" />
  <testcase classname="transformation.MorphismPlacesTest" name="testPlacesMorphismCorrectMatches" time="0.267" />
  <testcase classname="transformation.MorphismPlacesTest" name="testPlacesMorphismCount" time="0.001" />
  <testcase classname="transformation.MorphismTransitionsTest" name="testPlacesMorphismMatchingDistribution" time="0.0" />
  <testcase classname="transformation.MorphismTransitionsTest" name="testPlacesMorphismCorrectMatches" time="0.0" />
  <testcase classname="transformation.MorphismTransitionsTest" name="testPlacesMorphismCount" time="0.0" />
  <testcase classname="transformation.rules.Rule7Test" name="testApplyingRule" time="0.031" />
  <testcase classname="transformation.rules.Rule3Test" name="testRightMorphism" time="0.0" />
  <testcase classname="transformation.rules.Rule1Test" name="testApplyingRule" time="0.094" />
  <testcase classname="transformation.ScenariosRuleCreationTest" name="scenario1" time="0.007" />
  <testcase classname="transformation.ScenariosRuleCreationTest" name="scenario2" time="0.0" />
  <testcase classname="transformation.ScenariosRuleCreationTest" name="scenario3" time="0.0" />
  <testcase classname="transformation.ScenariosRuleCreationTest" name="scenario4" time="0.0" />
  <testcase classname="transformation.ScenariosRuleCreationTest" name="scenario5" time="0.0" />
  <testcase classname="transformation.ScenariosRuleCreationTest" name="scenario6" time="0.0" />
  <testcase classname="transformation.ScenariosRuleCreationTest" name="scenario7" time="0.0" />
  <testcase classname="transformation.ScenariosRuleCreationTest" name="scenario8" time="0.0" />
  <testcase classname="transformation.ScenariosRuleCreationTest" name="scenario9" time="0.0" />
  <testcase classname="transformation.ScenariosRuleCreationTest" name="scenario13" time="0.0" />
  <testcase classname="transformation.ScenariosRuleCreationTest" name="scenario14" time="0.0" />
  <testcase classname="transformation.ScenariosRuleCreationTest" name="scenario15" time="0.0" />
  <testcase classname="transformation.PNVF2Test" name="testEmptyTargetPetrinetNoMatch3" time="0.0" />
  <testcase classname="transformation.PNVF2Test" name="testEmptyTargetPetrinetNoMatch1" time="0.0" />
  <testcase classname="transformation.PNVF2Test" name="testEmptyTargetPetrinetNoMatch2" time="0.0" />
  <testcase classname="transformation.PNVF2Test" name="testEmptySourcePetrinetMatch3" time="0.0" />
  <testcase classname="transformation.PNVF2Test" name="testEmptySourcePetrinetMatch2" time="0.0" />
  <testcase classname="transformation.PNVF2Test" name="testLabeledSourcePetrinetNoMatch" time="0.016" />
  <testcase classname="transformation.PNVF2Test" name="testLabeledTargetPetrinetNoMatch" time="0.031" />
  <testcase classname="transformation.PNVF2Test" name="testEmptySourcePetrinetMatch1" time="0.0" />
  <testcase classname="transformation.PNVF2Test" name="testRandomPetrinets" time="17.74" />
  <testcase classname="transformation.PNVF2Test" name="testNondeterminism1" time="1.528" />
  <testcase classname="transformation.PNVF2Test" name="testArcRestrictedMatch" time="0.0" />
  <testcase classname="transformation.PNVF2Test" name="testCompletePetrinetMatch" time="0.031" />
  <testcase classname="transformation.PNVF2Test" name="testCountWithoutArcsMatch1" time="1.335" />
  <testcase classname="transformation.PNVF2Test" name="testCountWithoutArcsMatch2" time="0.0" />
  <testcase classname="transformation.PNVF2Test" name="testEmptyPetrinetsMatch" time="0.0" />
  <testcase classname="transformation.PNVF2Test" name="testSimplePlaceMatch1" time="0.0" />
  <testcase classname="transformation.PNVF2Test" name="testSimplePlaceMarkingMatch1" time="0.0" />
  <testcase classname="transformation.PNVF2Test" name="testSimplePlaceMarkingMatch2" time="0.0" />
  <testcase classname="transformation.PNVF2Test" name="testSimplePlaceMarkingMatch3" time="0.0" />
  <testcase classname="transformation.PNVF2Test" name="testSimplePlaceNameMatch1" time="0.0" />
  <testcase classname="transformation.PNVF2Test" name="testSimplePlaceNameMatch2" time="0.0" />
  <testcase classname="transformation.PNVF2Test" name="testSimpleTransitionMatch1" time="0.0" />
  <testcase classname="transformation.PNVF2Test" name="testTransitionNoMatch1" time="0.0" />
  <testcase classname="transformation.PNVF2Test" name="testTransitionNoMatch2" time="0.0" />
  <testcase classname="transformation.PNVF2Test" name="testTransitionNoMatch3" time="0.0" />
  <testcase classname="transformation.PNVF2Test" name="testTransitionNoMatch4" time="0.0" />
  <testcase classname="transformation.PNVF2Test" name="testTransitionNoMatch5" time="0.0" />
  <testcase classname="transformation.PNVF2Test" name="testTransitionNoMatch6" time="0.0" />
  <testcase classname="transformation.PNVF2Test" name="testTransitionNoMatch7" time="0.0" />
  <testcase classname="transformation.PNVF2Test" name="testTransitionNoMatch8" time="0.0" />
  <testcase classname="transformation.PNVF2Test" name="testGetInstanceException" time="0.0" />
  <testcase classname="transformation.PNVF2Test" name="testGetMatchExceptions" time="0.0" />
  <testcase classname="transformation.PNVF2Test" name="testParallelCall" time="0.007" />
  <testcase classname="transformation.PNVF2Test" name="testPlaceMatch1" time="0.0" />
  <testcase classname="transformation.PNVF2Test" name="testPlaceMatch2" time="0.0" />
  <testcase classname="transformation.PNVF2Test" name="testPlaceMatch3" time="0.0" />
  <testcase classname="transformation.PNVF2Test" name="testPlaceMatch4" time="0.0" />
  <testcase classname="transformation.PNVF2Test" name="testPlaceNoMatch1" time="0.0" />
  <testcase classname="transformation.PNVF2Test" name="testPlaceNoMatch2" time="0.0" />
  <testcase classname="transformation.PNVF2Test" name="testPlaceNoMatch3" time="0.0" />
  <testcase classname="transformation.PNVF2Test" name="testSimplePlaceMarkingNameMatch1" time="0.0" />
  <testcase classname="transformation.PNVF2Test" name="testSimplePlaceMarkingNameMatch2" time="0.0" />
  <testcase classname="transformation.PNVF2Test" name="testSimplePlaceMarkingNameMatch3" time="0.0" />
  <testcase classname="transformation.PNVF2Test" name="testSimplePlaceMarkingNameMatch4" time="0.0" />
  <testcase classname="transformation.PNVF2Test" name="testSimplePlaceMarkingNameMatch5" time="0.0" />
  <testcase classname="transformation.PNVF2Test" name="testSimpleTransitionLabelMatch1" time="0.0" />
  <testcase classname="transformation.PNVF2Test" name="testSimpleTransitionLabelMatch2" time="0.0" />
  <testcase classname="transformation.PNVF2Test" name="testSimpleTransitionLabelMatch3" time="0.0" />
  <testcase classname="transformation.PNVF2Test" name="testSimpleTransitionNameMatch1" time="0.0" />
  <testcase classname="transformation.PNVF2Test" name="testSimpleTransitionNameMatch2" time="0.0" />
  <testcase classname="transformation.PNVF2Test" name="testSimpleTransitionLabelNameMatch1" time="0.0" />
  <testcase classname="transformation.PNVF2Test" name="testSimpleTransitionLabelNameMatch2" time="0.0" />
  <testcase classname="transformation.PNVF2Test" name="testSimpleTransitionLabelNameMatch3" time="0.0" />
  <testcase classname="transformation.PNVF2Test" name="testSimpleTransitionLabelNameMatch4" time="0.0" />
  <testcase classname="transformation.PNVF2Test" name="testSimpleTransitionLabelNameMatch5" time="0.0" />
  <testcase classname="transformation.PNVF2Test" name="testSimpleTransitionRnwMatch1" time="0.0" />
  <testcase classname="transformation.PNVF2Test" name="testSimpleTransitionRnwMatch2" time="0.0" />
  <testcase classname="transformation.PNVF2Test" name="testSimpleTransitionRnwMatch3" time="0.008" />
  <testcase classname="persistence.PersistanceTest" name="testExamplePNMLParsing" time="0.461">
    <error message="LInitialCapacity;" type="java.lang.NoClassDefFoundError">java.lang.NoClassDefFoundError: LInitialCapacity;
	at java.lang.Class.getDeclaredFields0(Native Method)
	at java.lang.Class.privateGetDeclaredFields(Unknown Source)
	at java.lang.Class.getDeclaredFields(Unknown Source)
	at com.sun.xml.bind.v2.model.nav.ReflectionNavigator.getDeclaredFields(ReflectionNavigator.java:279)
	at com.sun.xml.bind.v2.model.nav.ReflectionNavigator.getDeclaredFields(ReflectionNavigator.java:62)
	at com.sun.xml.bind.v2.model.impl.ClassInfoImpl.findFieldProperties(ClassInfoImpl.java:381)
	at com.sun.xml.bind.v2.model.impl.ClassInfoImpl.getProperties(ClassInfoImpl.java:312)
	at com.sun.xml.bind.v2.model.impl.RuntimeClassInfoImpl.getProperties(RuntimeClassInfoImpl.java:186)
	at com.sun.xml.bind.v2.model.impl.ModelBuilder.getClassInfo(ModelBuilder.java:247)
	at com.sun.xml.bind.v2.model.impl.RuntimeModelBuilder.getClassInfo(RuntimeModelBuilder.java:104)
	at com.sun.xml.bind.v2.model.impl.RuntimeModelBuilder.getClassInfo(RuntimeModelBuilder.java:85)
	at com.sun.xml.bind.v2.model.impl.ModelBuilder.getClassInfo(ModelBuilder.java:213)
	at com.sun.xml.bind.v2.model.impl.RuntimeModelBuilder.getClassInfo(RuntimeModelBuilder.java:99)
	at com.sun.xml.bind.v2.model.impl.RuntimeModelBuilder.getClassInfo(RuntimeModelBuilder.java:85)
	at com.sun.xml.bind.v2.model.impl.ModelBuilder.getTypeInfo(ModelBuilder.java:319)
	at com.sun.xml.bind.v2.model.impl.TypeRefImpl.calcRef(TypeRefImpl.java:96)
	at com.sun.xml.bind.v2.model.impl.TypeRefImpl.getTarget(TypeRefImpl.java:73)
	at com.sun.xml.bind.v2.model.impl.RuntimeTypeRefImpl.getTarget(RuntimeTypeRefImpl.java:62)
	at com.sun.xml.bind.v2.model.impl.RuntimeTypeRefImpl.getTarget(RuntimeTypeRefImpl.java:55)
	at com.sun.xml.bind.v2.model.impl.ElementPropertyInfoImpl$1.get(ElementPropertyInfoImpl.java:78)
	at com.sun.xml.bind.v2.model.impl.ElementPropertyInfoImpl$1.get(ElementPropertyInfoImpl.java:81)
	at java.util.AbstractList$Itr.next(Unknown Source)
	at com.sun.xml.bind.v2.model.impl.ModelBuilder.getClassInfo(ModelBuilder.java:259)
	at com.sun.xml.bind.v2.model.impl.RuntimeModelBuilder.getClassInfo(RuntimeModelBuilder.java:104)
	at com.sun.xml.bind.v2.model.impl.RuntimeModelBuilder.getClassInfo(RuntimeModelBuilder.java:85)
	at com.sun.xml.bind.v2.model.impl.ModelBuilder.getClassInfo(ModelBuilder.java:213)
	at com.sun.xml.bind.v2.model.impl.RuntimeModelBuilder.getClassInfo(RuntimeModelBuilder.java:99)
	at com.sun.xml.bind.v2.model.impl.RuntimeModelBuilder.getClassInfo(RuntimeModelBuilder.java:85)
	at com.sun.xml.bind.v2.model.impl.ModelBuilder.getTypeInfo(ModelBuilder.java:319)
	at com.sun.xml.bind.v2.model.impl.TypeRefImpl.calcRef(TypeRefImpl.java:96)
	at com.sun.xml.bind.v2.model.impl.TypeRefImpl.getTarget(TypeRefImpl.java:73)
	at com.sun.xml.bind.v2.model.impl.RuntimeTypeRefImpl.getTarget(RuntimeTypeRefImpl.java:62)
	at com.sun.xml.bind.v2.model.impl.RuntimeTypeRefImpl.getTarget(RuntimeTypeRefImpl.java:55)
	at com.sun.xml.bind.v2.model.impl.ElementPropertyInfoImpl$1.get(ElementPropertyInfoImpl.java:78)
	at com.sun.xml.bind.v2.model.impl.ElementPropertyInfoImpl$1.get(ElementPropertyInfoImpl.java:81)
	at java.util.AbstractList$Itr.next(Unknown Source)
	at com.sun.xml.bind.v2.model.impl.ModelBuilder.getClassInfo(ModelBuilder.java:259)
	at com.sun.xml.bind.v2.model.impl.RuntimeModelBuilder.getClassInfo(RuntimeModelBuilder.java:104)
	at com.sun.xml.bind.v2.model.impl.RuntimeModelBuilder.getClassInfo(RuntimeModelBuilder.java:85)
	at com.sun.xml.bind.v2.model.impl.ModelBuilder.getClassInfo(ModelBuilder.java:213)
	at com.sun.xml.bind.v2.model.impl.RuntimeModelBuilder.getClassInfo(RuntimeModelBuilder.java:99)
	at com.sun.xml.bind.v2.model.impl.RuntimeModelBuilder.getClassInfo(RuntimeModelBuilder.java:85)
	at com.sun.xml.bind.v2.model.impl.ModelBuilder.getTypeInfo(ModelBuilder.java:319)
	at com.sun.xml.bind.v2.model.impl.TypeRefImpl.calcRef(TypeRefImpl.java:96)
	at com.sun.xml.bind.v2.model.impl.TypeRefImpl.getTarget(TypeRefImpl.java:73)
	at com.sun.xml.bind.v2.model.impl.RuntimeTypeRefImpl.getTarget(RuntimeTypeRefImpl.java:62)
	at com.sun.xml.bind.v2.model.impl.RuntimeTypeRefImpl.getTarget(RuntimeTypeRefImpl.java:55)
	at com.sun.xml.bind.v2.model.impl.ElementPropertyInfoImpl$1.get(ElementPropertyInfoImpl.java:78)
	at com.sun.xml.bind.v2.model.impl.ElementPropertyInfoImpl$1.get(ElementPropertyInfoImpl.java:81)
	at java.util.AbstractList$Itr.next(Unknown Source)
	at com.sun.xml.bind.v2.model.impl.ModelBuilder.getClassInfo(ModelBuilder.java:259)
	at com.sun.xml.bind.v2.model.impl.RuntimeModelBuilder.getClassInfo(RuntimeModelBuilder.java:104)
	at com.sun.xml.bind.v2.model.impl.RuntimeModelBuilder.getClassInfo(RuntimeModelBuilder.java:85)
	at com.sun.xml.bind.v2.model.impl.ModelBuilder.getClassInfo(ModelBuilder.java:213)
	at com.sun.xml.bind.v2.model.impl.RuntimeModelBuilder.getClassInfo(RuntimeModelBuilder.java:99)
	at com.sun.xml.bind.v2.model.impl.RuntimeModelBuilder.getClassInfo(RuntimeModelBuilder.java:85)
	at com.sun.xml.bind.v2.model.impl.ModelBuilder.getTypeInfo(ModelBuilder.java:319)
	at com.sun.xml.bind.v2.model.impl.ModelBuilder.getTypeInfo(ModelBuilder.java:334)
	at com.sun.xml.bind.v2.runtime.JAXBContextImpl.getTypeInfoSet(JAXBContextImpl.java:483)
	at com.sun.xml.bind.v2.runtime.JAXBContextImpl.&lt;init&gt;(JAXBContextImpl.java:319)
	at com.sun.xml.bind.v2.runtime.JAXBContextImpl$JAXBContextBuilder.build(JAXBContextImpl.java:1170)
	at com.sun.xml.bind.v2.ContextFactory.createContext(ContextFactory.java:145)
	at javax.xml.bind.ContextFinder.newInstance(Unknown Source)
	at javax.xml.bind.ContextFinder.newInstance(Unknown Source)
	at javax.xml.bind.ContextFinder.find(Unknown Source)
	at javax.xml.bind.JAXBContext.newInstance(Unknown Source)
	at javax.xml.bind.JAXBContext.newInstance(Unknown Source)
	at persistence.PersistanceTest.testExamplePNMLParsing(PersistanceTest.java:71)
Caused by: java.lang.ClassNotFoundException: InitialCapacity
	at java.net.URLClassLoader$1.run(Unknown Source)
	at java.net.URLClassLoader$1.run(Unknown Source)
	at java.security.AccessController.doPrivileged(Native Method)
	at java.net.URLClassLoader.findClass(Unknown Source)
	at java.lang.ClassLoader.loadClass(Unknown Source)
	at sun.misc.Launcher$AppClassLoader.loadClass(Unknown Source)
	at java.lang.ClassLoader.loadClass(Unknown Source)
</error>
  </testcase>
  <testcase classname="persistence.PersistanceTest" name="testLoadRule" time="0.085">
    <error message="LInitialCapacity;" type="java.lang.NoClassDefFoundError">java.lang.NoClassDefFoundError: LInitialCapacity;
	at java.lang.Class.getDeclaredFields0(Native Method)
	at java.lang.Class.privateGetDeclaredFields(Unknown Source)
	at java.lang.Class.getDeclaredFields(Unknown Source)
	at com.sun.xml.bind.v2.model.nav.ReflectionNavigator.getDeclaredFields(ReflectionNavigator.java:279)
	at com.sun.xml.bind.v2.model.nav.ReflectionNavigator.getDeclaredFields(ReflectionNavigator.java:62)
	at com.sun.xml.bind.v2.model.impl.ClassInfoImpl.findFieldProperties(ClassInfoImpl.java:381)
	at com.sun.xml.bind.v2.model.impl.ClassInfoImpl.getProperties(ClassInfoImpl.java:312)
	at com.sun.xml.bind.v2.model.impl.RuntimeClassInfoImpl.getProperties(RuntimeClassInfoImpl.java:186)
	at com.sun.xml.bind.v2.model.impl.ModelBuilder.getClassInfo(ModelBuilder.java:247)
	at com.sun.xml.bind.v2.model.impl.RuntimeModelBuilder.getClassInfo(RuntimeModelBuilder.java:104)
	at com.sun.xml.bind.v2.model.impl.RuntimeModelBuilder.getClassInfo(RuntimeModelBuilder.java:85)
	at com.sun.xml.bind.v2.model.impl.ModelBuilder.getClassInfo(ModelBuilder.java:213)
	at com.sun.xml.bind.v2.model.impl.RuntimeModelBuilder.getClassInfo(RuntimeModelBuilder.java:99)
	at com.sun.xml.bind.v2.model.impl.RuntimeModelBuilder.getClassInfo(RuntimeModelBuilder.java:85)
	at com.sun.xml.bind.v2.model.impl.ModelBuilder.getTypeInfo(ModelBuilder.java:319)
	at com.sun.xml.bind.v2.model.impl.TypeRefImpl.calcRef(TypeRefImpl.java:96)
	at com.sun.xml.bind.v2.model.impl.TypeRefImpl.getTarget(TypeRefImpl.java:73)
	at com.sun.xml.bind.v2.model.impl.RuntimeTypeRefImpl.getTarget(RuntimeTypeRefImpl.java:62)
	at com.sun.xml.bind.v2.model.impl.RuntimeTypeRefImpl.getTarget(RuntimeTypeRefImpl.java:55)
	at com.sun.xml.bind.v2.model.impl.ElementPropertyInfoImpl$1.get(ElementPropertyInfoImpl.java:78)
	at com.sun.xml.bind.v2.model.impl.ElementPropertyInfoImpl$1.get(ElementPropertyInfoImpl.java:81)
	at java.util.AbstractList$Itr.next(Unknown Source)
	at com.sun.xml.bind.v2.model.impl.ModelBuilder.getClassInfo(ModelBuilder.java:259)
	at com.sun.xml.bind.v2.model.impl.RuntimeModelBuilder.getClassInfo(RuntimeModelBuilder.java:104)
	at com.sun.xml.bind.v2.model.impl.RuntimeModelBuilder.getClassInfo(RuntimeModelBuilder.java:85)
	at com.sun.xml.bind.v2.model.impl.ModelBuilder.getClassInfo(ModelBuilder.java:213)
	at com.sun.xml.bind.v2.model.impl.RuntimeModelBuilder.getClassInfo(RuntimeModelBuilder.java:99)
	at com.sun.xml.bind.v2.model.impl.RuntimeModelBuilder.getClassInfo(RuntimeModelBuilder.java:85)
	at com.sun.xml.bind.v2.model.impl.ModelBuilder.getTypeInfo(ModelBuilder.java:319)
	at com.sun.xml.bind.v2.model.impl.TypeRefImpl.calcRef(TypeRefImpl.java:96)
	at com.sun.xml.bind.v2.model.impl.TypeRefImpl.getTarget(TypeRefImpl.java:73)
	at com.sun.xml.bind.v2.model.impl.RuntimeTypeRefImpl.getTarget(RuntimeTypeRefImpl.java:62)
	at com.sun.xml.bind.v2.model.impl.RuntimeTypeRefImpl.getTarget(RuntimeTypeRefImpl.java:55)
	at com.sun.xml.bind.v2.model.impl.ElementPropertyInfoImpl$1.get(ElementPropertyInfoImpl.java:78)
	at com.sun.xml.bind.v2.model.impl.ElementPropertyInfoImpl$1.get(ElementPropertyInfoImpl.java:81)
	at java.util.AbstractList$Itr.next(Unknown Source)
	at com.sun.xml.bind.v2.model.impl.ModelBuilder.getClassInfo(ModelBuilder.java:259)
	at com.sun.xml.bind.v2.model.impl.RuntimeModelBuilder.getClassInfo(RuntimeModelBuilder.java:104)
	at com.sun.xml.bind.v2.model.impl.RuntimeModelBuilder.getClassInfo(RuntimeModelBuilder.java:85)
	at com.sun.xml.bind.v2.model.impl.ModelBuilder.getClassInfo(ModelBuilder.java:213)
	at com.sun.xml.bind.v2.model.impl.RuntimeModelBuilder.getClassInfo(RuntimeModelBuilder.java:99)
	at com.sun.xml.bind.v2.model.impl.RuntimeModelBuilder.getClassInfo(RuntimeModelBuilder.java:85)
	at com.sun.xml.bind.v2.model.impl.ModelBuilder.getTypeInfo(ModelBuilder.java:319)
	at com.sun.xml.bind.v2.model.impl.TypeRefImpl.calcRef(TypeRefImpl.java:96)
	at com.sun.xml.bind.v2.model.impl.TypeRefImpl.getTarget(TypeRefImpl.java:73)
	at com.sun.xml.bind.v2.model.impl.RuntimeTypeRefImpl.getTarget(RuntimeTypeRefImpl.java:62)
	at com.sun.xml.bind.v2.model.impl.RuntimeTypeRefImpl.getTarget(RuntimeTypeRefImpl.java:55)
	at com.sun.xml.bind.v2.model.impl.ElementPropertyInfoImpl$1.get(ElementPropertyInfoImpl.java:78)
	at com.sun.xml.bind.v2.model.impl.ElementPropertyInfoImpl$1.get(ElementPropertyInfoImpl.java:81)
	at java.util.AbstractList$Itr.next(Unknown Source)
	at com.sun.xml.bind.v2.model.impl.ModelBuilder.getClassInfo(ModelBuilder.java:259)
	at com.sun.xml.bind.v2.model.impl.RuntimeModelBuilder.getClassInfo(RuntimeModelBuilder.java:104)
	at com.sun.xml.bind.v2.model.impl.RuntimeModelBuilder.getClassInfo(RuntimeModelBuilder.java:85)
	at com.sun.xml.bind.v2.model.impl.ModelBuilder.getClassInfo(ModelBuilder.java:213)
	at com.sun.xml.bind.v2.model.impl.RuntimeModelBuilder.getClassInfo(RuntimeModelBuilder.java:99)
	at com.sun.xml.bind.v2.model.impl.RuntimeModelBuilder.getClassInfo(RuntimeModelBuilder.java:85)
	at com.sun.xml.bind.v2.model.impl.ModelBuilder.getTypeInfo(ModelBuilder.java:319)
	at com.sun.xml.bind.v2.model.impl.ModelBuilder.getTypeInfo(ModelBuilder.java:334)
	at com.sun.xml.bind.v2.runtime.JAXBContextImpl.getTypeInfoSet(JAXBContextImpl.java:483)
	at com.sun.xml.bind.v2.runtime.JAXBContextImpl.&lt;init&gt;(JAXBContextImpl.java:319)
	at com.sun.xml.bind.v2.runtime.JAXBContextImpl$JAXBContextBuilder.build(JAXBContextImpl.java:1170)
	at com.sun.xml.bind.v2.ContextFactory.createContext(ContextFactory.java:145)
	at javax.xml.bind.ContextFinder.newInstance(Unknown Source)
	at javax.xml.bind.ContextFinder.newInstance(Unknown Source)
	at javax.xml.bind.ContextFinder.find(Unknown Source)
	at javax.xml.bind.JAXBContext.newInstance(Unknown Source)
	at javax.xml.bind.JAXBContext.newInstance(Unknown Source)
	at persistence.Persistence.&lt;clinit&gt;(Persistence.java:55)
	at persistence.PersistanceTest.testLoadRule(PersistanceTest.java:130)
Caused by: java.lang.ClassNotFoundException: InitialCapacity
	at java.net.URLClassLoader$1.run(Unknown Source)
	at java.net.URLClassLoader$1.run(Unknown Source)
	at java.security.AccessController.doPrivileged(Native Method)
	at java.net.URLClassLoader.findClass(Unknown Source)
	at java.lang.ClassLoader.loadClass(Unknown Source)
	at sun.misc.Launcher$AppClassLoader.loadClass(Unknown Source)
	at java.lang.ClassLoader.loadClass(Unknown Source)
</error>
  </testcase>
  <testcase classname="engine.data.JungDataTest" name="testInvalidArguments_createArc_PlaceToTranstion_invalidTransition" time="0.125" />
  <testcase classname="engine.data.JungDataTest" name="testInvalidArguments_createArc_PlaceToTranstion_unknownTransition" time="0.0" />
  <testcase classname="engine.data.JungDataTest" name="testInvalidArguments_createArc_TranstionToPlace_invalidTransition" time="0.0" />
  <testcase classname="engine.data.JungDataTest" name="testInvalidArguments_createArc_TranstionToPlace_unknownTransition" time="0.0" />
  <testcase classname="engine.data.JungDataTest" name="testInvalidArguments_createPlace_toClose_TooCloseLeftTransition" time="0.0" />
  <testcase classname="engine.data.JungDataTest" name="testInvalidArguments_createPlace_toClose_TooCloseRightTransition" time="0.0" />
  <testcase classname="engine.data.JungDataTest" name="testInvalidArguments_createPlace_toClose_TooCloseTopTransition" time="0.0" />
  <testcase classname="engine.data.JungDataTest" name="testInvalidArguments_createPlace_toClose_TooCloseBottomTransition" time="0.0" />
  <testcase classname="engine.data.JungDataTest" name="testInvalidArguments_createTransition_toClose_OverlayTransition" time="0.0" />
  <testcase classname="engine.data.JungDataTest" name="testInvalidArguments_createTransition_toClose_TooCloseLeftTransition" time="0.0" />
  <testcase classname="engine.data.JungDataTest" name="testInvalidArguments_createTransition_toClose_TooCloseTopTransition" time="0.0" />
  <testcase classname="engine.data.JungDataTest" name="testInvalidArguments_createTransition_toClose_TooCloseLeftPlace" time="0.0" />
  <testcase classname="engine.data.JungDataTest" name="testInvalidArguments_createTransition_toClose_TooCloseRightPlace" time="0.0" />
  <testcase classname="engine.data.JungDataTest" name="testInvalidArguments_createTransition_toClose_TooCloseTopPlace" time="0.0" />
  <testcase classname="engine.data.JungDataTest" name="testInvalidArguments_createTransition_toClose_TooCloseBottomPlace" time="0.0" />
  <testcase classname="engine.data.JungDataTest" name="test_isCreatePossibleAt_toClose_OverlayTransition" time="0.0" />
  <testcase classname="engine.data.JungDataTest" name="testInvalidArguments_createPlace_containsPlace" time="0.0" />
  <testcase classname="engine.data.JungDataTest" name="testInvalidArguments_getPlaceColor_unknownPlace" time="0.0" />
  <testcase classname="engine.data.JungDataTest" name="testInvalidArguments_delete_missingArcsToDelete" time="0.008" />
  <testcase classname="engine.data.JungDataTest" name="testInvalidArguments_createTransition_toClose_TooCloseRightTransition" time="0.0" />
  <testcase classname="engine.data.JungDataTest" name="testInvalidArguments_createTransition_toClose_TooCloseBottomTransition" time="0.0" />
  <testcase classname="engine.data.JungDataTest" name="getJungGraph" time="0.0" />
  <testcase classname="engine.data.JungDataTest" name="testDelete" time="0.0" />
  <testcase classname="engine.data.JungDataTest" name="testCreateArc_MinNodeDistanceRadiusSize" time="0.0" />
  <testcase classname="engine.data.JungDataTest" name="test_isCreatePossibleAt_JustEnoughLeft" time="0.0" />
  <testcase classname="engine.data.JungDataTest" name="test_isCreatePossibleAt_JustEnoughRight" time="0.0" />
  <testcase classname="engine.data.JungDataTest" name="test_isCreatePossibleAt_JustEnoughTop" time="0.008" />
  <testcase classname="engine.data.JungDataTest" name="test_isCreatePossibleAt_JustEnoughBottom" time="0.0" />
  <testcase classname="engine.data.JungDataTest" name="testNull_createArc_PlaceToTranstion_1" time="0.0" />
  <testcase classname="engine.data.JungDataTest" name="testNull_createArc_PlaceToTranstion_2" time="0.0" />
  <testcase classname="engine.data.JungDataTest" name="testNull_createArc_PlaceToTranstion_3" time="0.0" />
  <testcase classname="engine.data.JungDataTest" name="testNull_createArc_TranstionToPlace_1" time="0.0" />
  <testcase classname="engine.data.JungDataTest" name="testNull_createArc_TranstionToPlace_2" time="0.0" />
  <testcase classname="engine.data.JungDataTest" name="testNull_createArc_TranstionToPlace_3" time="0.0" />
  <testcase classname="engine.data.JungDataTest" name="testInvalidArguments_delete_unknownArc" time="0.0" />
  <testcase classname="engine.data.JungDataTest" name="testInvalidArguments_delete_unknownINode" time="0.0" />
  <testcase classname="engine.data.JungDataTest" name="testInvalidArguments_moveNode_UnknownNode" time="0.0" />
  <testcase classname="engine.data.JungDataTest" name="testInvalidArguments_moveNode_Overlay" time="0.0" />
  <testcase classname="engine.data.JungDataTest" name="testInvalidArguments_moveNode_TooCloseLeft" time="0.0" />
  <testcase classname="engine.data.JungDataTest" name="testInvalidArguments_moveNode_TooCloseRight" time="0.0" />
  <testcase classname="engine.data.JungDataTest" name="testInvalidArguments_moveNode_TooCloseTop" time="0.0" />
  <testcase classname="engine.data.JungDataTest" name="testInvalidArguments_moveNode_TooCloseBottom" time="0.0" />
  <testcase classname="engine.data.JungDataTest" name="getJungLayout" time="0.0" />
  <testcase classname="engine.data.JungDataTest" name="nullTest_construct_1" time="0.0" />
  <testcase classname="engine.data.JungDataTest" name="nullTest_construct_2" time="0.0" />
  <testcase classname="engine.data.JungDataTest" name="testCreatePlace" time="0.0" />
  <testcase classname="engine.data.JungDataTest" name="testCreateTransition" time="0.0" />
  <testcase classname="engine.data.JungDataTest" name="testNull_delete_1" time="0.0" />
  <testcase classname="engine.data.JungDataTest" name="testNull_delete_2" time="0.0" />
  <testcase classname="engine.data.JungDataTest" name="testNull_delete_4" time="0.0" />
  <testcase classname="engine.data.JungDataTest" name="testNull_delete_5" time="0.0" />
  <testcase classname="engine.data.JungDataTest" name="testNull_moveNode_1" time="0.0" />
  <testcase classname="engine.data.JungDataTest" name="testNull_moveNode_2" time="0.0" />
  <testcase classname="engine.data.JungDataTest" name="testMoveNode" time="0.0" />
  <testcase classname="engine.data.JungDataTest" name="testDelete_emptyCollections" time="0.0" />
  <testcase classname="engine.data.JungDataTest" name="testMoveNode_selfOverlay" time="0.0" />
  <testcase classname="engine.data.JungDataTest" name="testMoveNode_selfCloseLeft" time="0.008" />
  <testcase classname="engine.data.JungDataTest" name="testMoveNode_selfCloseRight" time="0.0" />
  <testcase classname="engine.data.JungDataTest" name="testMoveNode_selfCloseTop" time="0.0" />
  <testcase classname="engine.data.JungDataTest" name="testMoveNode_selfCloseBottom" time="0.0" />
  <testcase classname="engine.data.JungDataTest" name="testMoveNode_JustEnoughLeft" time="0.0" />
  <testcase classname="engine.data.JungDataTest" name="testMoveNode_JustEnoughRight" time="0.0" />
  <testcase classname="engine.data.JungDataTest" name="testMoveNode_JustEnoughTop" time="0.0" />
  <testcase classname="engine.data.JungDataTest" name="testPlaceColor_defaultColor" time="0.0" />
  <testcase classname="engine.data.JungDataTest" name="testPlaceColor_setColor" time="0.0" />
  <testcase classname="engine.data.JungDataTest" name="testNull_createPlace_1" time="0.0" />
  <testcase classname="engine.data.JungDataTest" name="testNull_createPlace_2" time="0.0" />
  <testcase classname="engine.data.JungDataTest" name="testNull_createTransition_1" time="0.0" />
  <testcase classname="engine.data.JungDataTest" name="testNull_createTransition_2" time="0.0" />
  <testcase classname="engine.data.JungDataTest" name="testNull_getPlaceColor" time="0.0" />
  <testcase classname="engine.data.JungDataTest" name="testNull_setPlaceColor_1" time="0.0" />
  <testcase classname="engine.data.JungDataTest" name="testNull_setPlaceColor_2" time="0.0" />
  <testcase classname="engine.data.JungDataTest" name="testNull_isCreatePossibleAt" time="0.0" />
  <testcase classname="engine.data.JungDataTest" name="testCreateArc_PlaceToTranstion" time="0.0" />
  <testcase classname="engine.data.JungDataTest" name="testCreateArc_TranstionToPlace" time="0.0" />
  <testcase classname="engine.data.JungDataTest" name="testMoveNode_JustEnoughBottom" time="0.0" />
  <testcase classname="engine.data.JungDataTest" name="testPlaceColor_createDeleteCreate" time="0.0" />
  <testcase classname="engine.data.JungDataTest" name="testInvalidArguments_setPlaceColor_1" time="0.0" />
  <testcase classname="engine.data.JungDataTest" name="test_isCreatePossibleAt_toClose_TooCloseLeftTransition" time="0.0" />
  <testcase classname="engine.data.JungDataTest" name="test_isCreatePossibleAt_toClose_TooCloseRightTransition" time="0.0" />
  <testcase classname="engine.data.JungDataTest" name="test_isCreatePossibleAt_toClose_TooCloseTopTransition" time="0.0" />
  <testcase classname="engine.data.JungDataTest" name="test_isCreatePossibleAt_toClose_TooCloseBottomTransition" time="0.0" />
  <testcase classname="engine.data.JungDataTest" name="testInvalidArguments_createArc_PlaceToTranstion_invalidPlace" time="0.0" />
  <testcase classname="engine.data.JungDataTest" name="testInvalidArguments_createArc_PlaceToTranstion_bothInvalid" time="0.0" />
  <testcase classname="engine.data.JungDataTest" name="testInvalidArguments_createArc_PlaceToTranstion_unknownPlace" time="0.0" />
  <testcase classname="engine.data.JungDataTest" name="testInvalidArguments_createArc_PlaceToTranstion_bothUnknown" time="0.0" />
  <testcase classname="engine.data.JungDataTest" name="testInvalidArguments_createArc_TranstionToPlace_invalidPlace" time="0.0" />
  <testcase classname="engine.data.JungDataTest" name="testInvalidArguments_createArc_TranstionToPlace_bothInvalid" time="0.0" />
  <testcase classname="engine.data.JungDataTest" name="testInvalidArguments_createArc_TranstionToPlace_unknownPlace" time="0.0" />
  <testcase classname="engine.data.JungDataTest" name="testInvalidArguments_createArc_TranstionToPlace_bothUnknown" time="0.0" />
  <testcase classname="engine.data.JungDataTest" name="testInvalidArguments_createPlace_toClose_OverlayPlace" time="0.0" />
  <testcase classname="engine.data.JungDataTest" name="testInvalidArguments_createPlace_toClose_TooCloseLeftPlace" time="0.0" />
  <testcase classname="engine.data.JungDataTest" name="testInvalidArguments_createPlace_toClose_TooCloseRightPlace" time="0.0" />
  <testcase classname="engine.data.JungDataTest" name="testInvalidArguments_createPlace_toClose_TooCloseTopPlace" time="0.0" />
  <testcase classname="engine.data.JungDataTest" name="testInvalidArguments_createPlace_toClose_TooCloseBottomPlace" time="0.0" />
  <testcase classname="engine.data.JungDataTest" name="testInvalidArguments_createPlace_toClose_OverlayTransition" time="0.008" />
  <testcase classname="engine.data.JungDataTest" name="testInvalidArguments_createTransition_containsTransition" time="0.0" />
  <testcase classname="engine.data.JungDataTest" name="testInvalidArguments_createTransition_toClose_OverlayPlace" time="0.0" />
  <testcase classname="engine.data.PetrinetDataTest" name="testIllegalArgument_constructor_petrinetAndJung_1" time="0.0" />
  <testcase classname="engine.data.PetrinetDataTest" name="testIllegalArgument_constructor_petrinetAndJung_2" time="0.0" />
  <testcase classname="engine.data.PetrinetDataTest" name="testIllegalArgument_constructor_petrinetAndJung_3" time="0.0" />
  <testcase classname="engine.data.PetrinetDataTest" name="testIllegalArgument_constructor_petrinetAndJung_4" time="0.0" />
  <testcase classname="engine.data.PetrinetDataTest" name="testData" time="0.0" />
  <testcase classname="engine.data.PetrinetDataTest" name="testNull_constructor_1" time="0.0" />
  <testcase classname="engine.data.PetrinetDataTest" name="testNull_constructor_2" time="0.0" />
  <testcase classname="engine.data.PetrinetDataTest" name="testIllegalArgument_constructor_id_1" time="0.0" />
  <testcase classname="engine.data.PetrinetDataTest" name="testIllegalArgument_constructor_id_2" time="0.0" />
  <testcase classname="engine.data.RuleDataTest" name="testIllegalArgument_constructor_jungDataSame_1" time="0.015" />
  <testcase classname="engine.data.RuleDataTest" name="testIllegalArgument_constructor_jungDataSame_2" time="0.0" />
  <testcase classname="engine.data.RuleDataTest" name="testIllegalArgument_constructor_jungDataSame_3" time="0.0" />
  <testcase classname="engine.data.RuleDataTest" name="testIllegalArgument_constructor_jungDataSame_4" time="0.0" />
  <testcase classname="engine.data.RuleDataTest" name="testIllegalArgument_constructor_jungData_1" time="0.0" />
  <testcase classname="engine.data.RuleDataTest" name="testIllegalArgument_constructor_jungData_2" time="0.0" />
  <testcase classname="engine.data.RuleDataTest" name="testIllegalArgument_constructor_jungData_3" time="0.0" />
  <testcase classname="engine.data.RuleDataTest" name="testData" time="0.015" />
  <testcase classname="engine.data.RuleDataTest" name="testNull_constructor_1" time="0.0" />
  <testcase classname="engine.data.RuleDataTest" name="testNull_constructor_2" time="0.0" />
  <testcase classname="engine.data.RuleDataTest" name="testNull_constructor_3" time="0.0" />
  <testcase classname="engine.data.RuleDataTest" name="testNull_constructor_4" time="0.0" />
  <testcase classname="engine.data.RuleDataTest" name="testIllegalArgument_constructor_id_1" time="0.0" />
  <testcase classname="engine.data.RuleDataTest" name="testIllegalArgument_constructor_id_2" time="0.0" />
  <testcase classname="engine.session.SessionManagerTest" name="testInvalidArgument_createPetrinetData_nonEmpty" time="0.0" />
  <testcase classname="engine.session.SessionManagerTest" name="testInvalidArgument_createRuleData_nonEmpty" time="0.0" />
  <testcase classname="engine.session.SessionManagerTest" name="testGetInstance" time="0.0" />
  <testcase classname="engine.session.SessionManagerTest" name="testGetPetrinetData" time="0.0" />
  <testcase classname="engine.session.SessionManagerTest" name="createPetrinetData" time="0.0" />
  <testcase classname="engine.session.SessionManagerTest" name="testGetRuleData" time="0.0" />
  <testcase classname="engine.session.SessionManagerTest" name="createRuleData" time="0.0" />
  <testcase classname="engine.session.SessionManagerTest" name="testGetSessionData" time="0.0" />
  <testcase classname="engine.session.SessionManagerTest" name="testNull_createPetrinetData" time="0.0" />
  <testcase classname="engine.session.SessionManagerTest" name="testNull_createRuleData" time="0.0" />
  <testcase classname="engine.handler.PetrinetHandlerTest" name="testCreatePlace" time="0.031" />
  <testcase classname="engine.handler.PetrinetHandlerTest" name="testCreateTransition" time="0.007" />
  <testcase classname="engine.handler.PetrinetHandlerTest" name="testCreatePetrinet" time="0.0" />
  <testcase classname="engine.handler.PetrinetHandlerTest" name="testCreateArc" time="0.0" />
  <testcase classname="engine.handler.PetrinetHandlerTest" name="testDeleteArc" time="0.0" />
  <testcase classname="engine.handler.PetrinetHandlerTest" name="testMoveNode" time="0.008" />
  <testcase classname="engine.handler.PetrinetHandlerTest" name="testSave" time="0.0" />
  <testcase classname="engine.handler.PetrinetHandlerTest" name="testLoad" time="0.0" />
  <testcase classname="engine.handler.PetrinetHandlerTest" name="testSetPname" time="0.0" />
  <testcase classname="engine.handler.PetrinetHandlerTest" name="testSetTlb" time="0.0" />
  <testcase classname="engine.handler.PetrinetHandlerTest" name="testSetTname" time="0.0" />
  <testcase classname="engine.handler.PetrinetHandlerTest" name="testGetPlaceAttribute" time="0.0" />
  <testcase classname="engine.handler.PetrinetHandlerTest" name="testGetTransitionAttribute" time="0.0" />
  <testcase classname="engine.handler.PetrinetHandlerTest" name="testDeletePlace" time="0.0" />
  <testcase classname="engine.handler.PetrinetHandlerTest" name="testDeleteTransition" time="0.0" />
  <testcase classname="engine.handler.PetrinetHandlerTest" name="testGetArcAttribute" time="0.0" />
  <testcase classname="engine.handler.PetrinetHandlerTest" name="testGetJungLayout" time="0.0" />
  <testcase classname="engine.handler.PetrinetHandlerTest" name="testMoveGraph" time="0.0" />
  <testcase classname="engine.handler.PetrinetHandlerTest" name="testSetMarking" time="0.0" />
  <testcase classname="engine.handler.PetrinetHandlerTest" name="testSetWeight" time="0.0" />
  <testcase classname="engine.handler.PetrinetHandlerTest" name="testGetNodeType" time="0.0" />
  <system-out><![CDATA[EMMA: collecting runtime coverage data ...
EMMA: runtime controller started on port [47653]
483
517
Transitions
Places
Arcs
fromLtoK
fromLtoK
fromRtoK
fromRtoK
800 <= 824 | 1000 | 1586 <= 1200
]]></system-out>
  <system-err><![CDATA[]]></system-err>
</testsuite>
